<?xml version="1.0" encoding="UTF-8"?>
<!-- Generated by org.testng.reporters.JUnitReportReporter -->
<testsuite hostname="Manoj" failures="0" tests="1" name="tyss.PracticeProjectSDET40.PracticeTestCase2" time="0.009" errors="0" timestamp="23 Sep 2022 05:50:57 GMT">
  <testcase classname="tyss.PracticeProjectSDET40.PracticeTestCase2" name="test" time="0.009"/>
</testsuite> <!-- tyss.PracticeProjectSDET40.PracticeTestCase2 -->
